[debug] ----------------------------------------------------------------------
[debug] Command:      /usr/local/Cellar/node/7.2.0/bin/node /Users/samagold/.npm-packages/bin/firebase deploy
[debug] CLI Version:  3.2.0
[debug] Platform:     darwin
[debug] Node Version: v7.2.0
[debug] Time:         Wed Dec 07 2016 07:56:54 GMT-0700 (MST)
[debug] ----------------------------------------------------------------------
[debug] 
[debug] > command requires scopes: ["email","openid","https://www.googleapis.com/auth/cloudplatformprojects.readonly","https://www.googleapis.com/auth/firebase"]
[debug] > refreshing access token with scopes: ["email","https://www.googleapis.com/auth/cloudplatformprojects.readonly","https://www.googleapis.com/auth/firebase","openid"]
[debug] >>> HTTP REQUEST POST https://www.googleapis.com/oauth2/v3/token
[debug] <<< HTTP RESPONSE 200
[debug] >>> HTTP REQUEST GET https://admin.firebase.com/v1/projects/newmate-capstone-1480698417010 
[debug] <<< HTTP RESPONSE 200
[debug] >>> HTTP REQUEST GET https://admin.firebase.com/v1/database/newmate-capstone-1480698417010/tokens 
[debug] <<< HTTP RESPONSE 200
[info] 
[info] === Deploying to 'newmate-capstone-1480698417010'...
[info] 
[info] i  deploying hosting
[info] ✔  database: rules ready to deploy.
[info] i  hosting: preparing / directory for upload...
[debug] >>> HTTP REQUEST PUT https://deploy.firebase.com/v1/hosting/newmate-capstone-1480698417010/uploads/-KYOmON1BUpr4n-JLcye?fileCount=25279&message= 
